<?xml version="1.0" encoding="UTF-8"?>
<!-- Generated by org.testng.reporters.JUnitReportReporter -->
<testsuite skipped="0" hostname="DESKTOP-685R0UI" name="com.task.testProject.Tests.TestClass" tests="1" failures="0" timestamp="2020-06-13T16:09:35 EEST" time="12.221" errors="0">
  <testcase name="TestSkillsCount" time="12.221" classname="com.task.testProject.Tests.TestClass"/>
  <system-out/>
</testsuite> <!-- com.task.testProject.Tests.TestClass -->
